# JRE version: OpenJDK Runtime Environment Temurin-21.0.8+9 (21.0.8+9) (build 21.0.8+9-LTS)
# Java VM: OpenJDK 64-Bit Server VM Temurin-21.0.8+9 (21.0.8+9-LTS, mixed mode, sharing, tiered, compressed oops, compressed class ptrs, parallel gc, windows-amd64)
GC Precious Log:
 CardTable entry size: 512
 CPUs: 12 total, 12 available
 Memory: 5996M
 Large Page Support: Disabled
 NUMA Support: Disabled
 Compressed Oops: Enabled (32-bit)
 Alignments: Space 512K, Generation 512K, Heap 2M
 Heap Min Capacity: 100M
 Heap Initial Capacity: 100M
 Heap Max Capacity: 2G
 Pre-touch: Disabled
 Parallel Workers: 10
Heap:
 PSYoungGen      total 17408K, used 8122K [0x00000000d5580000, 0x00000000d6780000, 0x0000000100000000)
  eden space 16384K, 45% used [0x00000000d5580000,0x00000000d5cd6ab0,0x00000000d6580000)
  from space 1024K, 59% used [0x00000000d6580000,0x00000000d6618010,0x00000000d6680000)
  to   space 1024K, 0% used [0x00000000d6680000,0x00000000d6680000,0x00000000d6780000)
 ParOldGen       total 68608K, used 45746K [0x0000000080000000, 0x0000000084300000, 0x00000000d5580000)
  object space 68608K, 66% used [0x0000000080000000,0x0000000082cac9c0,0x0000000084300000)
 Metaspace       used 66609K, committed 68032K, reserved 1114112K
  class space    used 8426K, committed 9088K, reserved 1048576K
GC Heap History (20 events):
Event: 19.414 GC heap before
{Heap before GC invocations=41 (full 3):
 PSYoungGen      total 18432K, used 16912K [0x00000000d5580000, 0x00000000d6880000, 0x0000000100000000)
  eden space 16384K, 100% used [0x00000000d5580000,0x00000000d6580000,0x00000000d6580000)
  from space 2048K, 25% used [0x00000000d6580000,0x00000000d6604248,0x00000000d6780000)
  to   space 1024K, 0% used [0x00000000d6780000,0x00000000d6780000,0x00000000d6880000)
 ParOldGen       total 68608K, used 42456K [0x0000000080000000, 0x0000000084300000, 0x00000000d5580000)
  object space 68608K, 61% used [0x0000000080000000,0x0000000082976190,0x0000000084300000)
 Metaspace       used 63730K, committed 65024K, reserved 1114112K
  class space    used 8006K, committed 8576K, reserved 1048576K
}
Event: 19.416 GC heap after
{Heap after GC invocations=41 (full 3):
 PSYoungGen      total 17408K, used 1005K [0x00000000d5580000, 0x00000000d6980000, 0x0000000100000000)
  eden space 16384K, 0% used [0x00000000d5580000,0x00000000d5580000,0x00000000d6580000)
  from space 1024K, 98% used [0x00000000d6780000,0x00000000d687b510,0x00000000d6880000)
  to   space 2048K, 0% used [0x00000000d6580000,0x00000000d6580000,0x00000000d6780000)
 ParOldGen       total 68608K, used 43091K [0x0000000080000000, 0x0000000084300000, 0x00000000d5580000)
  object space 68608K, 62% used [0x0000000080000000,0x0000000082a14f58,0x0000000084300000)
 Metaspace       used 63730K, committed 65024K, reserved 1114112K
  class space    used 8006K, committed 8576K, reserved 1048576K
}
Event: 19.513 GC heap before
{Heap before GC invocations=42 (full 3):
 PSYoungGen      total 17408K, used 17389K [0x00000000d5580000, 0x00000000d6980000, 0x0000000100000000)
  eden space 16384K, 100% used [0x00000000d5580000,0x00000000d6580000,0x00000000d6580000)
  from space 1024K, 98% used [0x00000000d6780000,0x00000000d687b510,0x00000000d6880000)
  to   space 2048K, 0% used [0x00000000d6580000,0x00000000d6580000,0x00000000d6780000)
 ParOldGen       total 68608K, used 43091K [0x0000000080000000, 0x0000000084300000, 0x00000000d5580000)
  object space 68608K, 62% used [0x0000000080000000,0x0000000082a14f58,0x0000000084300000)
 Metaspace       used 63730K, committed 65024K, reserved 1114112K
  class space    used 8006K, committed 8576K, reserved 1048576K
}
Event: 19.515 GC heap after
{Heap after GC invocations=42 (full 3):
 PSYoungGen      total 17920K, used 1314K [0x00000000d5580000, 0x00000000d6880000, 0x0000000100000000)
  eden space 16384K, 0% used [0x00000000d5580000,0x00000000d5580000,0x00000000d6580000)
  from space 1536K, 85% used [0x00000000d6580000,0x00000000d66c8b90,0x00000000d6700000)
  to   space 1536K, 0% used [0x00000000d6700000,0x00000000d6700000,0x00000000d6880000)
 ParOldGen       total 68608K, used 43953K [0x0000000080000000, 0x0000000084300000, 0x00000000d5580000)
  object space 68608K, 64% used [0x0000000080000000,0x0000000082aec478,0x0000000084300000)
 Metaspace       used 63730K, committed 65024K, reserved 1114112K
  class space    used 8006K, committed 8576K, reserved 1048576K
}
Event: 19.623 GC heap before
{Heap before GC invocations=43 (full 3):
 PSYoungGen      total 17920K, used 17698K [0x00000000d5580000, 0x00000000d6880000, 0x0000000100000000)
  eden space 16384K, 100% used [0x00000000d5580000,0x00000000d6580000,0x00000000d6580000)
  from space 1536K, 85% used [0x00000000d6580000,0x00000000d66c8b90,0x00000000d6700000)
  to   space 1536K, 0% used [0x00000000d6700000,0x00000000d6700000,0x00000000d6880000)
 ParOldGen       total 68608K, used 43953K [0x0000000080000000, 0x0000000084300000, 0x00000000d5580000)
  object space 68608K, 64% used [0x0000000080000000,0x0000000082aec478,0x0000000084300000)
 Metaspace       used 63730K, committed 65024K, reserved 1114112K
  class space    used 8006K, committed 8576K, reserved 1048576K
}
Event: 19.625 GC heap after
{Heap after GC invocations=43 (full 3):
 PSYoungGen      total 16896K, used 470K [0x00000000d5580000, 0x00000000d6780000, 0x0000000100000000)
  eden space 16384K, 0% used [0x00000000d5580000,0x00000000d5580000,0x00000000d6580000)
  from space 512K, 91% used [0x00000000d6700000,0x00000000d67759c0,0x00000000d6780000)
  to   space 1024K, 0% used [0x00000000d6580000,0x00000000d6580000,0x00000000d6680000)
 ParOldGen       total 68608K, used 44025K [0x0000000080000000, 0x0000000084300000, 0x00000000d5580000)
  object space 68608K, 64% used [0x0000000080000000,0x0000000082afe478,0x0000000084300000)
 Metaspace       used 63730K, committed 65024K, reserved 1114112K
  class space    used 8006K, committed 8576K, reserved 1048576K
}
Event: 19.732 GC heap before
{Heap before GC invocations=44 (full 3):
 PSYoungGen      total 16896K, used 16854K [0x00000000d5580000, 0x00000000d6780000, 0x0000000100000000)
  eden space 16384K, 100% used [0x00000000d5580000,0x00000000d6580000,0x00000000d6580000)
  from space 512K, 91% used [0x00000000d6700000,0x00000000d67759c0,0x00000000d6780000)
  to   space 1024K, 0% used [0x00000000d6580000,0x00000000d6580000,0x00000000d6680000)
 ParOldGen       total 68608K, used 44025K [0x0000000080000000, 0x0000000084300000, 0x00000000d5580000)
  object space 68608K, 64% used [0x0000000080000000,0x0000000082afe478,0x0000000084300000)
 Metaspace       used 63730K, committed 65024K, reserved 1114112K
  class space    used 8006K, committed 8576K, reserved 1048576K
}
Event: 19.733 GC heap after
{Heap after GC invocations=44 (full 3):
 PSYoungGen      total 17408K, used 320K [0x00000000d5580000, 0x00000000d6780000, 0x0000000100000000)
  eden space 16384K, 0% used [0x00000000d5580000,0x00000000d5580000,0x00000000d6580000)
  from space 1024K, 31% used [0x00000000d6580000,0x00000000d65d0000,0x00000000d6680000)
  to   space 512K, 0% used [0x00000000d6700000,0x00000000d6700000,0x00000000d6780000)
 ParOldGen       total 68608K, used 44199K [0x0000000080000000, 0x0000000084300000, 0x00000000d5580000)
  object space 68608K, 64% used [0x0000000080000000,0x0000000082b29e98,0x0000000084300000)
 Metaspace       used 63730K, committed 65024K, reserved 1114112K
  class space    used 8006K, committed 8576K, reserved 1048576K
}
Event: 19.822 GC heap before
{Heap before GC invocations=45 (full 3):
 PSYoungGen      total 17408K, used 16704K [0x00000000d5580000, 0x00000000d6780000, 0x0000000100000000)
  eden space 16384K, 100% used [0x00000000d5580000,0x00000000d6580000,0x00000000d6580000)
  from space 1024K, 31% used [0x00000000d6580000,0x00000000d65d0000,0x00000000d6680000)
  to   space 512K, 0% used [0x00000000d6700000,0x00000000d6700000,0x00000000d6780000)
 ParOldGen       total 68608K, used 44199K [0x0000000080000000, 0x0000000084300000, 0x00000000d5580000)
  object space 68608K, 64% used [0x0000000080000000,0x0000000082b29e98,0x0000000084300000)
 Metaspace       used 63730K, committed 65024K, reserved 1114112K
  class space    used 8006K, committed 8576K, reserved 1048576K
}
Event: 19.824 GC heap after
{Heap after GC invocations=45 (full 3):
 PSYoungGen      total 16896K, used 511K [0x00000000d5580000, 0x00000000d6880000, 0x0000000100000000)
  eden space 16384K, 0% used [0x00000000d5580000,0x00000000d5580000,0x00000000d6580000)
  from space 512K, 99% used [0x00000000d6700000,0x00000000d677fcc8,0x00000000d6780000)
  to   space 1536K, 0% used [0x00000000d6580000,0x00000000d6580000,0x00000000d6700000)
 ParOldGen       total 68608K, used 44993K [0x0000000080000000, 0x0000000084300000, 0x00000000d5580000)
  object space 68608K, 65% used [0x0000000080000000,0x0000000082bf05d8,0x0000000084300000)
 Metaspace       used 63730K, committed 65024K, reserved 1114112K
  class space    used 8006K, committed 8576K, reserved 1048576K
}
Event: 19.914 GC heap before
{Heap before GC invocations=46 (full 3):
 PSYoungGen      total 16896K, used 16895K [0x00000000d5580000, 0x00000000d6880000, 0x0000000100000000)
  eden space 16384K, 100% used [0x00000000d5580000,0x00000000d6580000,0x00000000d6580000)
  from space 512K, 99% used [0x00000000d6700000,0x00000000d677fcc8,0x00000000d6780000)
  to   space 1536K, 0% used [0x00000000d6580000,0x00000000d6580000,0x00000000d6700000)
 ParOldGen       total 68608K, used 44993K [0x0000000080000000, 0x0000000084300000, 0x00000000d5580000)
  object space 68608K, 65% used [0x0000000080000000,0x0000000082bf05d8,0x0000000084300000)
 Metaspace       used 63730K, committed 65024K, reserved 1114112K
  class space    used 8006K, committed 8576K, reserved 1048576K
}
Event: 19.915 GC heap after
{Heap after GC invocations=46 (full 3):
 PSYoungGen      total 17920K, used 970K [0x00000000d5580000, 0x00000000d6880000, 0x0000000100000000)
  eden space 16384K, 0% used [0x00000000d5580000,0x00000000d5580000,0x00000000d6580000)
  from space 1536K, 63% used [0x00000000d6580000,0x00000000d6672930,0x00000000d6700000)
  to   space 1536K, 0% used [0x00000000d6700000,0x00000000d6700000,0x00000000d6880000)
 ParOldGen       total 68608K, used 45033K [0x0000000080000000, 0x0000000084300000, 0x00000000d5580000)
  object space 68608K, 65% used [0x0000000080000000,0x0000000082bfa5d8,0x0000000084300000)
 Metaspace       used 63730K, committed 65024K, reserved 1114112K
  class space    used 8006K, committed 8576K, reserved 1048576K
}
Event: 19.991 GC heap before
{Heap before GC invocations=47 (full 3):
 PSYoungGen      total 17920K, used 17354K [0x00000000d5580000, 0x00000000d6880000, 0x0000000100000000)
  eden space 16384K, 100% used [0x00000000d5580000,0x00000000d6580000,0x00000000d6580000)
  from space 1536K, 63% used [0x00000000d6580000,0x00000000d6672930,0x00000000d6700000)
  to   space 1536K, 0% used [0x00000000d6700000,0x00000000d6700000,0x00000000d6880000)
 ParOldGen       total 68608K, used 45033K [0x0000000080000000, 0x0000000084300000, 0x00000000d5580000)
  object space 68608K, 65% used [0x0000000080000000,0x0000000082bfa5d8,0x0000000084300000)
 Metaspace       used 63730K, committed 65024K, reserved 1114112K
  class space    used 8006K, committed 8576K, reserved 1048576K
}
Event: 19.992 GC heap after
{Heap after GC invocations=47 (full 3):
 PSYoungGen      total 16896K, used 256K [0x00000000d5580000, 0x00000000d6780000, 0x0000000100000000)
  eden space 16384K, 0% used [0x00000000d5580000,0x00000000d5580000,0x00000000d6580000)
  from space 512K, 50% used [0x00000000d6700000,0x00000000d6740000,0x00000000d6780000)
  to   space 1024K, 0% used [0x00000000d6580000,0x00000000d6580000,0x00000000d6680000)
 ParOldGen       total 68608K, used 45121K [0x0000000080000000, 0x0000000084300000, 0x00000000d5580000)
  object space 68608K, 65% used [0x0000000080000000,0x0000000082c105d8,0x0000000084300000)
 Metaspace       used 63730K, committed 65024K, reserved 1114112K
  class space    used 8006K, committed 8576K, reserved 1048576K
}
Event: 20.065 GC heap before
{Heap before GC invocations=48 (full 3):
 PSYoungGen      total 16896K, used 16640K [0x00000000d5580000, 0x00000000d6780000, 0x0000000100000000)
  eden space 16384K, 100% used [0x00000000d5580000,0x00000000d6580000,0x00000000d6580000)
  from space 512K, 50% used [0x00000000d6700000,0x00000000d6740000,0x00000000d6780000)
  to   space 1024K, 0% used [0x00000000d6580000,0x00000000d6580000,0x00000000d6680000)
 ParOldGen       total 68608K, used 45121K [0x0000000080000000, 0x0000000084300000, 0x00000000d5580000)
  object space 68608K, 65% used [0x0000000080000000,0x0000000082c105d8,0x0000000084300000)
 Metaspace       used 63730K, committed 65024K, reserved 1114112K
  class space    used 8006K, committed 8576K, reserved 1048576K
}
Event: 20.066 GC heap after
{Heap after GC invocations=48 (full 3):
 PSYoungGen      total 17408K, used 1008K [0x00000000d5580000, 0x00000000d6880000, 0x0000000100000000)
  eden space 16384K, 0% used [0x00000000d5580000,0x00000000d5580000,0x00000000d6580000)
  from space 1024K, 98% used [0x00000000d6580000,0x00000000d667c3c0,0x00000000d6680000)
  to   space 1536K, 0% used [0x00000000d6700000,0x00000000d6700000,0x00000000d6880000)
 ParOldGen       total 68608K, used 45242K [0x0000000080000000, 0x0000000084300000, 0x00000000d5580000)
  object space 68608K, 65% used [0x0000000080000000,0x0000000082c2e9a0,0x0000000084300000)
 Metaspace       used 63730K, committed 65024K, reserved 1114112K
  class space    used 8006K, committed 8576K, reserved 1048576K
}
Event: 20.241 GC heap before
{Heap before GC invocations=49 (full 3):
 PSYoungGen      total 17408K, used 17392K [0x00000000d5580000, 0x00000000d6880000, 0x0000000100000000)
  eden space 16384K, 100% used [0x00000000d5580000,0x00000000d6580000,0x00000000d6580000)
  from space 1024K, 98% used [0x00000000d6580000,0x00000000d667c3c0,0x00000000d6680000)
  to   space 1536K, 0% used [0x00000000d6700000,0x00000000d6700000,0x00000000d6880000)
 ParOldGen       total 68608K, used 45242K [0x0000000080000000, 0x0000000084300000, 0x00000000d5580000)
  object space 68608K, 65% used [0x0000000080000000,0x0000000082c2e9a0,0x0000000084300000)
 Metaspace       used 65033K, committed 66432K, reserved 1114112K
  class space    used 8213K, committed 8832K, reserved 1048576K
}
Event: 20.242 GC heap after
{Heap after GC invocations=49 (full 3):
 PSYoungGen      total 17408K, used 640K [0x00000000d5580000, 0x00000000d6800000, 0x0000000100000000)
  eden space 16384K, 0% used [0x00000000d5580000,0x00000000d5580000,0x00000000d6580000)
  from space 1024K, 62% used [0x00000000d6700000,0x00000000d67a0000,0x00000000d6800000)
  to   space 1024K, 0% used [0x00000000d6580000,0x00000000d6580000,0x00000000d6680000)
 ParOldGen       total 68608K, used 45314K [0x0000000080000000, 0x0000000084300000, 0x00000000d5580000)
  object space 68608K, 66% used [0x0000000080000000,0x0000000082c409b0,0x0000000084300000)
 Metaspace       used 65033K, committed 66432K, reserved 1114112K
  class space    used 8213K, committed 8832K, reserved 1048576K
}
Event: 24.288 GC heap before
{Heap before GC invocations=50 (full 3):
 PSYoungGen      total 17408K, used 17024K [0x00000000d5580000, 0x00000000d6800000, 0x0000000100000000)
  eden space 16384K, 100% used [0x00000000d5580000,0x00000000d6580000,0x00000000d6580000)
  from space 1024K, 62% used [0x00000000d6700000,0x00000000d67a0000,0x00000000d6800000)
  to   space 1024K, 0% used [0x00000000d6580000,0x00000000d6580000,0x00000000d6680000)
 ParOldGen       total 68608K, used 45314K [0x0000000080000000, 0x0000000084300000, 0x00000000d5580000)
  object space 68608K, 66% used [0x0000000080000000,0x0000000082c409b0,0x0000000084300000)
 Metaspace       used 66581K, committed 68032K, reserved 1114112K
  class space    used 8426K, committed 9088K, reserved 1048576K
}
Event: 24.289 GC heap after
{Heap after GC invocations=50 (full 3):
 PSYoungGen      total 17408K, used 608K [0x00000000d5580000, 0x00000000d6780000, 0x0000000100000000)
  eden space 16384K, 0% used [0x00000000d5580000,0x00000000d5580000,0x00000000d6580000)
  from space 1024K, 59% used [0x00000000d6580000,0x00000000d6618010,0x00000000d6680000)
  to   space 1024K, 0% used [0x00000000d6680000,0x00000000d6680000,0x00000000d6780000)
 ParOldGen       total 68608K, used 45746K [0x0000000080000000, 0x0000000084300000, 0x00000000d5580000)
  object space 68608K, 66% used [0x0000000080000000,0x0000000082cac9c0,0x0000000084300000)
 Metaspace       used 66581K, committed 68032K, reserved 1114112K
  class space    used 8426K, committed 9088K, reserved 1048576K
}

